C:\Users\arota\Documents\Visual Studio 2017\Projects\WebApplication3\WebApplication3\src\app\app.component.js
C:\Users\arota\Documents\Visual Studio 2017\Projects\WebApplication3\WebApplication3\src\app\app.component.js.map
C:\Users\arota\Documents\Visual Studio 2017\Projects\WebApplication3\WebApplication3\src\app\app.module.js
C:\Users\arota\Documents\Visual Studio 2017\Projects\WebApplication3\WebApplication3\src\app\app.module.js.map
C:\Users\arota\Documents\Visual Studio 2017\Projects\WebApplication3\WebApplication3\src\main.js
C:\Users\arota\Documents\Visual Studio 2017\Projects\WebApplication3\WebApplication3\src\main.js.map
C:\Users\arota\Documents\Visual Studio 2017\Projects\WebApplication3\WebApplication3\src\app\app.component.spec.js
C:\Users\arota\Documents\Visual Studio 2017\Projects\WebApplication3\WebApplication3\src\app\app.component.spec.js.map
C:\Users\arota\Documents\Visual Studio 2017\Projects\WebApplication3\WebApplication3\src\app\app.component.js
C:\Users\arota\Documents\Visual Studio 2017\Projects\WebApplication3\WebApplication3\src\app\app.component.js.map
C:\Users\arota\Documents\Visual Studio 2017\Projects\WebApplication3\WebApplication3\src\app\app.module.js
C:\Users\arota\Documents\Visual Studio 2017\Projects\WebApplication3\WebApplication3\src\app\app.module.js.map
C:\Users\arota\Documents\Visual Studio 2017\Projects\WebApplication3\WebApplication3\src\main.js
C:\Users\arota\Documents\Visual Studio 2017\Projects\WebApplication3\WebApplication3\src\main.js.map
C:\Users\arota\Documents\Visual Studio 2017\Projects\WebApplication3\WebApplication3\src\app\app.component.spec.js
C:\Users\arota\Documents\Visual Studio 2017\Projects\WebApplication3\WebApplication3\src\app\app.component.spec.js.map
C:\Users\arota\Documents\Visual Studio 2017\Projects\WebApplication3\WebApplication3\src\app\app.component.js
C:\Users\arota\Documents\Visual Studio 2017\Projects\WebApplication3\WebApplication3\src\app\app.component.js.map
C:\Users\arota\Documents\Visual Studio 2017\Projects\WebApplication3\WebApplication3\src\app\app.module.js
C:\Users\arota\Documents\Visual Studio 2017\Projects\WebApplication3\WebApplication3\src\app\app.module.js.map
C:\Users\arota\Documents\Visual Studio 2017\Projects\WebApplication3\WebApplication3\src\app.main.js
C:\Users\arota\Documents\Visual Studio 2017\Projects\WebApplication3\WebApplication3\src\app.main.js.map
C:\Users\arota\Documents\Visual Studio 2017\Projects\WebApplication3\WebApplication3\src\app\app.component.spec.js
C:\Users\arota\Documents\Visual Studio 2017\Projects\WebApplication3\WebApplication3\src\app\app.component.spec.js.map
